<?xml version="1.0" encoding="UTF-8"?>
<!-- Generated by org.testng.reporters.JUnitXMLReporter -->
<testsuite ignored="0" hostname="AWT_Tester" failures="1" tests="8" name="Test" time="366.053" errors="0" timestamp="2024-02-05T11:39:12 IST">
  <testcase classname="com.awt.test.Home.VerifyPanelsQuantityTest" name="verfiyPanelsQuantityTest" time="32.241"/>
  <testcase classname="com.awt.test.Login.VerifyLogInFunctionalityTest" name="verifyLogInFunctionalityTest" time="36.399"/>
  <testcase classname="com.awt.test.Login.VerifyLogInFunctionalityTest" name="verifyLogInCredentialsTest" time="5.025"/>
  <testcase classname="com.awt.test.Login.VerifyLogInFunctionalityTest" name="verifyLogInCredentialsTest" time="3.754"/>
  <testcase classname="com.awt.test.Oms_Add.VerifyOmsAddingFunctionalityTest" name="verfiyOmsAddingFunctionalityTest" time="98.993"/>
  <testcase classname="com.awt.test.Login.VerifyLogInFunctionalityTest" name="verifyLogInCredentialsTest" time="93.854">
    <skipped/>
  </testcase> <!-- verifyLogInCredentialsTest -->
  <testcase classname="com.awt.test.Login.VerifyLogInFunctionalityTest" name="verifyLogInCredentialsTest" time="93.737">
    <skipped/>
  </testcase> <!-- verifyLogInCredentialsTest -->
  <testcase classname="com.awt.test.Login.VerifyLogInFunctionalityTest" name="verifyLogInCredentialsTest" time="93.662">
    <failure type="java.lang.AssertionError" message="The following asserts failed:
	expected [WELCOME TO NARMADA KSHIPRA MULTIPURPOSE PROJECT] but found [null]">
      <![CDATA[java.lang.AssertionError: The following asserts failed:
expected [WELCOME TO NARMADA KSHIPRA MULTIPURPOSE PROJECT] but found [null]
at com.awt.utills.reusablecomponents.SoftAssertTest.assertAll(SoftAssertTest.java:154)
at com.awt.test.Login.VerifyLogInFunctionalityTest.verifyLogInCredentialsTest(VerifyLogInFunctionalityTest.java:66)
at java.base/java.util.concurrent.ThreadPoolExecutor.runWorker(ThreadPoolExecutor.java:1136)
at java.base/java.util.concurrent.ThreadPoolExecutor$Worker.run(ThreadPoolExecutor.java:635)
at java.base/java.lang.Thread.run(Thread.java:842)
... Removed 14 stack frames]]>
    </failure>
  </testcase> <!-- verifyLogInCredentialsTest -->
</testsuite> <!-- Test -->
