<html>
<head>
<title>TestNG:  Test</title>
<link href="../testng.css" rel="stylesheet" type="text/css" />
<link href="../my-testng.css" rel="stylesheet" type="text/css" />

<style type="text/css">
.log { display: none;} 
.stack-trace { display: none;} 
</style>
<script type="text/javascript">
<!--
function flip(e) {
  current = e.style.display;
  if (current == 'block') {
    e.style.display = 'none';
    return 0;
  }
  else {
    e.style.display = 'block';
    return 1;
  }
}

function toggleBox(szDivId, elem, msg1, msg2)
{
  var res = -1;  if (document.getElementById) {
    res = flip(document.getElementById(szDivId));
  }
  else if (document.all) {
    // this is the way old msie versions work
    res = flip(document.all[szDivId]);
  }
  if(elem) {
    if(res == 0) elem.innerHTML = msg1; else elem.innerHTML = msg2;
  }

}

function toggleAllBoxes() {
  if (document.getElementsByTagName) {
    d = document.getElementsByTagName('div');
    for (i = 0; i < d.length; i++) {
      if (d[i].className == 'log') {
        flip(d[i]);
      }
    }
  }
}

// -->
</script>

</head>
<body>
<h2 align='center'>Test</h2><table border='1' align="center">
<tr>
<td>Tests passed/Failed/Skipped:</td><td>5/1/2</td>
</tr><tr>
<td>Started on:</td><td>Mon Feb 05 11:33:06 IST 2024</td>
</tr>
<tr><td>Total time:</td><td>366 seconds (366053 ms)</td>
</tr><tr>
<td>Included groups:</td><td></td>
</tr><tr>
<td>Excluded groups:</td><td></td>
</tr>
</table><p/>
<small><i>(Hover the method name to see the test class name)</i></small><p/>
<table width='100%' border='1' class='invocation-failed'>
<tr><td colspan='4' align='center'><b>FAILED TESTS</b></td></tr>
<tr><td><b>Test method</b></td>
<td width="30%"><b>Exception</b></td>
<td width="10%"><b>Time (seconds)</b></td>
<td><b>Instance</b></td>
</tr>
<tr>
<td title='com.awt.test.Login.VerifyLogInFunctionalityTest.verifyLogInCredentialsTest()'><b>verifyLogInCredentialsTest</b><br>Test class: com.awt.test.Login.VerifyLogInFunctionalityTest<br>Parameters: 290, Operator , OperatorScada#@2023</td>
<td><div><pre>java.lang.AssertionError: The following asserts failed:
	expected [WELCOME TO NARMADA KSHIPRA MULTIPURPOSE PROJECT] but found [null]
	at com.awt.utills.reusablecomponents.SoftAssertTest.assertAll(SoftAssertTest.java:154)
	at com.awt.test.Login.VerifyLogInFunctionalityTest.verifyLogInCredentialsTest(VerifyLogInFunctionalityTest.java:66)
	at java.base/java.util.concurrent.ThreadPoolExecutor.runWorker(ThreadPoolExecutor.java:1136)
	at java.base/java.util.concurrent.ThreadPoolExecutor$Worker.run(ThreadPoolExecutor.java:635)
	at java.base/java.lang.Thread.run(Thread.java:842)
... Removed 14 stack frames</pre></div><a href='#' onClick='toggleBox("stack-trace289121579", this, "Click to show all stack frames", "Click to hide stack frames")'>Click to show all stack frames</a>
<div class='stack-trace' id='stack-trace289121579'><pre>java.lang.AssertionError: The following asserts failed:
	expected [WELCOME TO NARMADA KSHIPRA MULTIPURPOSE PROJECT] but found [null]
	at org.testng.asserts.SoftAssert.assertAll(SoftAssert.java:47)
	at org.testng.asserts.SoftAssert.assertAll(SoftAssert.java:31)
	at com.awt.utills.reusablecomponents.SoftAssertTest.assertAll(SoftAssertTest.java:154)
	at com.awt.test.Login.VerifyLogInFunctionalityTest.verifyLogInCredentialsTest(VerifyLogInFunctionalityTest.java:66)
	at java.base/jdk.internal.reflect.NativeMethodAccessorImpl.invoke0(Native Method)
	at java.base/jdk.internal.reflect.NativeMethodAccessorImpl.invoke(NativeMethodAccessorImpl.java:77)
	at java.base/jdk.internal.reflect.DelegatingMethodAccessorImpl.invoke(DelegatingMethodAccessorImpl.java:43)
	at java.base/java.lang.reflect.Method.invoke(Method.java:568)
	at org.testng.internal.MethodInvocationHelper.invokeMethod(MethodInvocationHelper.java:133)
	at org.testng.internal.TestInvoker.invokeMethod(TestInvoker.java:598)
	at org.testng.internal.TestInvoker.retryFailed(TestInvoker.java:213)
	at org.testng.internal.MethodRunner.runInSequence(MethodRunner.java:58)
	at org.testng.internal.TestInvoker$MethodInvocationAgent.invoke(TestInvoker.java:824)
	at org.testng.internal.TestInvoker.invokeTestMethods(TestInvoker.java:146)
	at org.testng.internal.TestMethodWorker.invokeTestMethods(TestMethodWorker.java:146)
	at org.testng.internal.TestMethodWorker.run(TestMethodWorker.java:128)
	at java.base/java.util.concurrent.ThreadPoolExecutor.runWorker(ThreadPoolExecutor.java:1136)
	at java.base/java.util.concurrent.ThreadPoolExecutor$Worker.run(ThreadPoolExecutor.java:635)
	at java.base/java.lang.Thread.run(Thread.java:842)
</pre></div></td>
<td>93</td>
<td>com.awt.test.Login.VerifyLogInFunctionalityTest@130d63be</td></tr>
</table><p>
<table width='100%' border='1' class='invocation-passed'>
<tr><td colspan='4' align='center'><b>PASSED TESTS</b></td></tr>
<tr><td><b>Test method</b></td>
<td width="30%"><b>Exception</b></td>
<td width="10%"><b>Time (seconds)</b></td>
<td><b>Instance</b></td>
</tr>
<tr>
<td title='com.awt.test.Login.VerifyLogInFunctionalityTest.verifyLogInFunctionalityTest()'><b>verifyLogInFunctionalityTest</b><br>Test class: com.awt.test.Login.VerifyLogInFunctionalityTest</td>
<td></td>
<td>36</td>
<td>com.awt.test.Login.VerifyLogInFunctionalityTest@130d63be</td></tr>
<tr>
<td title='com.awt.test.Login.VerifyLogInFunctionalityTest.verifyLogInCredentialsTest()'><b>verifyLogInCredentialsTest</b><br>Test class: com.awt.test.Login.VerifyLogInFunctionalityTest<br>Parameters: 290, Admin, AdminScada#@2023</td>
<td></td>
<td>3</td>
<td>com.awt.test.Login.VerifyLogInFunctionalityTest@130d63be</td></tr>
<tr>
<td title='com.awt.test.Home.VerifyPanelsQuantityTest.verfiyPanelsQuantityTest()'><b>verfiyPanelsQuantityTest</b><br>Test class: com.awt.test.Home.VerifyPanelsQuantityTest</td>
<td></td>
<td>32</td>
<td>com.awt.test.Home.VerifyPanelsQuantityTest@52bf72b5</td></tr>
<tr>
<td title='com.awt.test.Oms_Add.VerifyOmsAddingFunctionalityTest.verfiyOmsAddingFunctionalityTest()'><b>verfiyOmsAddingFunctionalityTest</b><br>Test class: com.awt.test.Oms_Add.VerifyOmsAddingFunctionalityTest</td>
<td></td>
<td>98</td>
<td>com.awt.test.Oms_Add.VerifyOmsAddingFunctionalityTest@7d8995e</td></tr>
<tr>
<td title='com.awt.test.Login.VerifyLogInFunctionalityTest.verifyLogInCredentialsTest()'><b>verifyLogInCredentialsTest</b><br>Test class: com.awt.test.Login.VerifyLogInFunctionalityTest<br>Parameters: default, AWT, AWTScada#@2023</td>
<td></td>
<td>5</td>
<td>com.awt.test.Login.VerifyLogInFunctionalityTest@130d63be</td></tr>
</table><p>
<table width='100%' border='1' class='invocation-skipped'>
<tr><td colspan='4' align='center'><b>SKIPPED TESTS</b></td></tr>
<tr><td><b>Test method</b></td>
<td width="30%"><b>Exception</b></td>
<td width="10%"><b>Time (seconds)</b></td>
<td><b>Instance</b></td>
</tr>
<tr>
<td title='com.awt.test.Login.VerifyLogInFunctionalityTest.verifyLogInCredentialsTest()'><b>verifyLogInCredentialsTest</b><br>Test class: com.awt.test.Login.VerifyLogInFunctionalityTest<br>Parameters: 290, Operator , OperatorScada#@2023</td>
<td><div><pre>java.lang.AssertionError: The following asserts failed:
	expected [WELCOME TO NARMADA KSHIPRA MULTIPURPOSE PROJECT] but found [null]
	at com.awt.utills.reusablecomponents.SoftAssertTest.assertAll(SoftAssertTest.java:154)
	at com.awt.test.Login.VerifyLogInFunctionalityTest.verifyLogInCredentialsTest(VerifyLogInFunctionalityTest.java:66)
	at java.base/java.util.concurrent.ThreadPoolExecutor.runWorker(ThreadPoolExecutor.java:1136)
	at java.base/java.util.concurrent.ThreadPoolExecutor$Worker.run(ThreadPoolExecutor.java:635)
	at java.base/java.lang.Thread.run(Thread.java:842)
... Removed 14 stack frames</pre></div><a href='#' onClick='toggleBox("stack-trace1342476277", this, "Click to show all stack frames", "Click to hide stack frames")'>Click to show all stack frames</a>
<div class='stack-trace' id='stack-trace1342476277'><pre>java.lang.AssertionError: The following asserts failed:
	expected [WELCOME TO NARMADA KSHIPRA MULTIPURPOSE PROJECT] but found [null]
	at org.testng.asserts.SoftAssert.assertAll(SoftAssert.java:47)
	at org.testng.asserts.SoftAssert.assertAll(SoftAssert.java:31)
	at com.awt.utills.reusablecomponents.SoftAssertTest.assertAll(SoftAssertTest.java:154)
	at com.awt.test.Login.VerifyLogInFunctionalityTest.verifyLogInCredentialsTest(VerifyLogInFunctionalityTest.java:66)
	at java.base/jdk.internal.reflect.NativeMethodAccessorImpl.invoke0(Native Method)
	at java.base/jdk.internal.reflect.NativeMethodAccessorImpl.invoke(NativeMethodAccessorImpl.java:77)
	at java.base/jdk.internal.reflect.DelegatingMethodAccessorImpl.invoke(DelegatingMethodAccessorImpl.java:43)
	at java.base/java.lang.reflect.Method.invoke(Method.java:568)
	at org.testng.internal.MethodInvocationHelper.invokeMethod(MethodInvocationHelper.java:133)
	at org.testng.internal.TestInvoker.invokeMethod(TestInvoker.java:598)
	at org.testng.internal.TestInvoker.invokeTestMethod(TestInvoker.java:173)
	at org.testng.internal.MethodRunner.runInSequence(MethodRunner.java:46)
	at org.testng.internal.TestInvoker$MethodInvocationAgent.invoke(TestInvoker.java:824)
	at org.testng.internal.TestInvoker.invokeTestMethods(TestInvoker.java:146)
	at org.testng.internal.TestMethodWorker.invokeTestMethods(TestMethodWorker.java:146)
	at org.testng.internal.TestMethodWorker.run(TestMethodWorker.java:128)
	at java.base/java.util.concurrent.ThreadPoolExecutor.runWorker(ThreadPoolExecutor.java:1136)
	at java.base/java.util.concurrent.ThreadPoolExecutor$Worker.run(ThreadPoolExecutor.java:635)
	at java.base/java.lang.Thread.run(Thread.java:842)
</pre></div></td>
<td>93</td>
<td>com.awt.test.Login.VerifyLogInFunctionalityTest@130d63be</td></tr>
<tr>
<td title='com.awt.test.Login.VerifyLogInFunctionalityTest.verifyLogInCredentialsTest()'><b>verifyLogInCredentialsTest</b><br>Test class: com.awt.test.Login.VerifyLogInFunctionalityTest<br>Parameters: 290, Operator , OperatorScada#@2023</td>
<td><div><pre>java.lang.AssertionError: The following asserts failed:
	expected [WELCOME TO NARMADA KSHIPRA MULTIPURPOSE PROJECT] but found [null]
	at com.awt.utills.reusablecomponents.SoftAssertTest.assertAll(SoftAssertTest.java:154)
	at com.awt.test.Login.VerifyLogInFunctionalityTest.verifyLogInCredentialsTest(VerifyLogInFunctionalityTest.java:66)
	at java.base/java.util.concurrent.ThreadPoolExecutor.runWorker(ThreadPoolExecutor.java:1136)
	at java.base/java.util.concurrent.ThreadPoolExecutor$Worker.run(ThreadPoolExecutor.java:635)
	at java.base/java.lang.Thread.run(Thread.java:842)
... Removed 14 stack frames</pre></div><a href='#' onClick='toggleBox("stack-trace1075137551", this, "Click to show all stack frames", "Click to hide stack frames")'>Click to show all stack frames</a>
<div class='stack-trace' id='stack-trace1075137551'><pre>java.lang.AssertionError: The following asserts failed:
	expected [WELCOME TO NARMADA KSHIPRA MULTIPURPOSE PROJECT] but found [null]
	at org.testng.asserts.SoftAssert.assertAll(SoftAssert.java:47)
	at org.testng.asserts.SoftAssert.assertAll(SoftAssert.java:31)
	at com.awt.utills.reusablecomponents.SoftAssertTest.assertAll(SoftAssertTest.java:154)
	at com.awt.test.Login.VerifyLogInFunctionalityTest.verifyLogInCredentialsTest(VerifyLogInFunctionalityTest.java:66)
	at java.base/jdk.internal.reflect.NativeMethodAccessorImpl.invoke0(Native Method)
	at java.base/jdk.internal.reflect.NativeMethodAccessorImpl.invoke(NativeMethodAccessorImpl.java:77)
	at java.base/jdk.internal.reflect.DelegatingMethodAccessorImpl.invoke(DelegatingMethodAccessorImpl.java:43)
	at java.base/java.lang.reflect.Method.invoke(Method.java:568)
	at org.testng.internal.MethodInvocationHelper.invokeMethod(MethodInvocationHelper.java:133)
	at org.testng.internal.TestInvoker.invokeMethod(TestInvoker.java:598)
	at org.testng.internal.TestInvoker.retryFailed(TestInvoker.java:213)
	at org.testng.internal.MethodRunner.runInSequence(MethodRunner.java:58)
	at org.testng.internal.TestInvoker$MethodInvocationAgent.invoke(TestInvoker.java:824)
	at org.testng.internal.TestInvoker.invokeTestMethods(TestInvoker.java:146)
	at org.testng.internal.TestMethodWorker.invokeTestMethods(TestMethodWorker.java:146)
	at org.testng.internal.TestMethodWorker.run(TestMethodWorker.java:128)
	at java.base/java.util.concurrent.ThreadPoolExecutor.runWorker(ThreadPoolExecutor.java:1136)
	at java.base/java.util.concurrent.ThreadPoolExecutor$Worker.run(ThreadPoolExecutor.java:635)
	at java.base/java.lang.Thread.run(Thread.java:842)
</pre></div></td>
<td>93</td>
<td>com.awt.test.Login.VerifyLogInFunctionalityTest@130d63be</td></tr>
</table><p>
</body>
</html>